<?xml version="1.0" encoding="UTF-8"?>
<testsuite name="oop.example.project_oop.ProjectOopApplicationTests" tests="1" skipped="0" failures="0" errors="0" timestamp="2023-12-02T06:55:05" hostname="DESKTOP-K2H933U" time="1.284">
  <properties/>
  <testcase name="contextLoads()" classname="oop.example.project_oop.ProjectOopApplicationTests" time="1.284"/>
  <system-out><![CDATA[Standard Commons Logging discovery in action with spring-jcl: please remove commons-logging.jar from classpath in order to avoid potential conflicts
20:54:44.820 [Test worker] INFO org.springframework.test.context.support.AnnotationConfigContextLoaderUtils -- Could not detect default configuration classes for test class [oop.example.project_oop.ProjectOopApplicationTests]: ProjectOopApplicationTests does not declare any static, non-private, non-final, nested classes annotated with @Configuration.
20:54:45.431 [Test worker] INFO org.springframework.boot.test.context.SpringBootTestContextBootstrapper -- Found @SpringBootConfiguration oop.example.project_oop.ProjectOopApplication for test class oop.example.project_oop.ProjectOopApplicationTests

  .   ____          _            __ _ _
 /\\ / ___'_ __ _ _(_)_ __  __ _ \ \ \ \
( ( )\___ | '_ | '_| | '_ \/ _` | \ \ \ \
 \\/  ___)| |_)| | | | | || (_| |  ) ) ) )
  '  |____| .__|_| |_|_| |_\__, | / / / /
 =========|_|==============|___/=/_/_/_/
 :: Spring Boot ::                (v3.1.5)

2023-12-02T20:54:47.659+14:00  INFO 28324 --- [    Test worker] o.e.p.ProjectOopApplicationTests         : Starting ProjectOopApplicationTests using Java 17.0.8 with PID 28324 (started by OWNER in C:\Users\OWNER\Progect_oop\MKR\project_oop)
2023-12-02T20:54:47.662+14:00  INFO 28324 --- [    Test worker] o.e.p.ProjectOopApplicationTests         : No active profile set, falling back to 1 default profile: "default"
2023-12-02T20:54:52.585+14:00  INFO 28324 --- [    Test worker] .s.d.r.c.RepositoryConfigurationDelegate : Bootstrapping Spring Data JPA repositories in DEFAULT mode.
2023-12-02T20:54:52.785+14:00  INFO 28324 --- [    Test worker] .s.d.r.c.RepositoryConfigurationDelegate : Finished Spring Data repository scanning in 166 ms. Found 1 JPA repository interfaces.
2023-12-02T20:54:54.616+14:00  INFO 28324 --- [    Test worker] com.zaxxer.hikari.HikariDataSource       : HikariPool-1 - Starting...
2023-12-02T20:54:55.664+14:00  INFO 28324 --- [    Test worker] com.zaxxer.hikari.pool.HikariPool        : HikariPool-1 - Added connection conn0: url=jdbc:h2:mem:50f6ee86-c5b8-4f8b-91e7-476f0c00503a user=SA
2023-12-02T20:54:55.674+14:00  INFO 28324 --- [    Test worker] com.zaxxer.hikari.HikariDataSource       : HikariPool-1 - Start completed.
2023-12-02T20:54:55.874+14:00  INFO 28324 --- [    Test worker] o.hibernate.jpa.internal.util.LogHelper  : HHH000204: Processing PersistenceUnitInfo [name: default]
2023-12-02T20:54:56.126+14:00  INFO 28324 --- [    Test worker] org.hibernate.Version                    : HHH000412: Hibernate ORM core version 6.2.13.Final
2023-12-02T20:54:56.135+14:00  INFO 28324 --- [    Test worker] org.hibernate.cfg.Environment            : HHH000406: Using bytecode reflection optimizer
2023-12-02T20:54:57.333+14:00  INFO 28324 --- [    Test worker] o.s.o.j.p.SpringPersistenceUnitInfo      : No LoadTimeWeaver setup: ignoring JPA class transformer
2023-12-02T20:55:00.864+14:00  INFO 28324 --- [    Test worker] o.h.e.t.j.p.i.JtaPlatformInitiator       : HHH000489: No JTA platform available (set 'hibernate.transaction.jta.platform' to enable JTA platform integration)
2023-12-02T20:55:00.970+14:00  INFO 28324 --- [    Test worker] j.LocalContainerEntityManagerFactoryBean : Initialized JPA EntityManagerFactory for persistence unit 'default'
2023-12-02T20:55:02.045+14:00  WARN 28324 --- [    Test worker] JpaBaseConfiguration$JpaWebConfiguration : spring.jpa.open-in-view is enabled by default. Therefore, database queries may be performed during view rendering. Explicitly configure spring.jpa.open-in-view to disable this warning
2023-12-02T20:55:02.568+14:00  INFO 28324 --- [    Test worker] o.s.s.web.DefaultSecurityFilterChain     : Will secure any request with [org.springframework.security.web.session.DisableEncodeUrlFilter@362c8889, org.springframework.security.web.context.request.async.WebAsyncManagerIntegrationFilter@5cf16f6a, org.springframework.security.web.context.SecurityContextHolderFilter@24b1fc38, org.springframework.security.web.header.HeaderWriterFilter@25fedeb8, org.springframework.security.web.csrf.CsrfFilter@7e4bd9b4, org.springframework.security.web.authentication.logout.LogoutFilter@57eab3f5, org.springframework.security.web.authentication.UsernamePasswordAuthenticationFilter@7172b0b9, org.springframework.security.web.savedrequest.RequestCacheAwareFilter@29a3e9e8, org.springframework.security.web.servletapi.SecurityContextHolderAwareRequestFilter@19b0707e, org.springframework.security.web.authentication.AnonymousAuthenticationFilter@4e712e0d, org.springframework.security.web.access.ExceptionTranslationFilter@3dcafc9c, org.springframework.security.web.access.intercept.AuthorizationFilter@5c374b46]
2023-12-02T20:55:04.567+14:00  INFO 28324 --- [    Test worker] o.e.p.ProjectOopApplicationTests         : Started ProjectOopApplicationTests in 18.266 seconds (process running for 24.965)
APPLICATION IS WORKING!
2023-12-02T20:55:05.054+14:00  INFO 28324 --- [    Test worker] o.e.project_oop.ProjectOopApplication    : User was saved from file: user@mail $2a$08$aghNlEMojLAaO6uxxLbN1eagwTc4IlVEqz7Rh.C3qL8W2N.2moDaW
]]></system-out>
  <system-err><![CDATA[]]></system-err>
</testsuite>
